<?xml version="1.0" encoding="UTF-8"?>
<!-- Generated by org.testng.reporters.JUnitReportReporter -->
<testsuite skipped="0" hostname="DESKTOP-ER66SA1" name="docker.dockerSeleniumJenkins.NewTest" tests="2" failures="0" timestamp="17 Feb 2024 04:52:18 GMT" time="4.473" errors="0">
  <testcase name="testMethodsTwo" time="0.002" classname="docker.dockerSeleniumJenkins.NewTest"/>
  <testcase name="testEasy" time="4.471" classname="docker.dockerSeleniumJenkins.NewTest"/>
</testsuite> <!-- docker.dockerSeleniumJenkins.NewTest -->
