<?xml version="1.0" encoding="UTF-8"?>
<!-- Generated by org.testng.reporters.JUnitReportReporter -->
<testsuite skipped="0" hostname="DESKTOP-ER66SA1" name="example.SeleniumGridDocker" tests="1" failures="0" timestamp="17 Feb 2024 08:53:00 GMT" time="17.391" errors="0">
  <testcase name="testEasy" time="17.391" classname="example.SeleniumGridDocker"/>
</testsuite> <!-- example.SeleniumGridDocker -->
