<?xml version="1.0" encoding="UTF-8"?>
<!-- Generated by org.testng.reporters.JUnitReportReporter -->
<testsuite skipped="0" hostname="DESKTOP-ER66SA1" name="example.NewTest" tests="2" failures="0" timestamp="17 Feb 2024 05:05:42 GMT" time="10.787" errors="0">
  <testcase name="testMethodsTwo" time="0.000" classname="example.NewTest"/>
  <testcase name="testEasy" time="10.787" classname="example.NewTest"/>
</testsuite> <!-- example.NewTest -->
