<?xml version="1.0" encoding="UTF-8"?>
<!-- Generated by org.testng.reporters.JUnitReportReporter -->
<testsuite hostname="DESKTOP-ER66SA1" failures="0" tests="1" name="example.SeleniumGridDocker" time="18.182" errors="0" timestamp="17 Feb 2024 05:11:30 GMT" skipped="0">
  <testcase classname="example.SeleniumGridDocker" name="testEasy" time="18.182"/>
</testsuite> <!-- example.SeleniumGridDocker -->
