<?xml version="1.0" encoding="UTF-8"?>
<!-- Generated by org.testng.reporters.JUnitReportReporter -->
<testsuite skipped="0" hostname="DESKTOP-ER66SA1" name="example.SeleniumGridDocker" tests="1" failures="0" timestamp="17 Feb 2024 09:40:32 GMT" time="25.446" errors="0">
  <testcase name="testEasy" time="25.446" classname="example.SeleniumGridDocker"/>
</testsuite> <!-- example.SeleniumGridDocker -->
